<?xml version="1.0" encoding="UTF-8"?>
<!-- Generated by org.testng.reporters.JUnitReportReporter -->
<testsuite hostname="AP-p6VmcjWx9hhS" failures="0" tests="1" name="MetribesAutomation.MetribesAutomation.testMtribesApp" time="69.927" errors="0" timestamp="2022-07-17T16:29:34 IST" skipped="0">
  <testcase classname="MetribesAutomation.MetribesAutomation.testMtribesApp" name="verifyLoginAndLogout" time="69.927"/>
  <system-out/>
</testsuite> <!-- MetribesAutomation.MetribesAutomation.testMtribesApp -->
